[ERROR 2021-05-27 20:54:50]This is error
[ERROR 2021-05-28 18:31:26]银联支付宝小额支付：支付成功：测试结果：失败
[ERROR 2021-05-28 18:31:26]用例执行失败：预期结果为：{"code": 1, "msg": "支付成功"}实际结果为：{'merchant_id': '530530000083', 'total_fee': '1'}
[ERROR 2021-05-28 18:31:26]银联支付宝主扫支付：支付成功：测试结果：失败
[ERROR 2021-05-28 18:31:26]用例执行失败：预期结果为：{"code": 1, "msg": "支付成功"}实际结果为：{'merchant_id': '530530000083', 'total_fee': '1'}
[ERROR 2021-05-28 18:40:18]银联支付宝小额支付：支付成功：测试结果：失败
[ERROR 2021-05-28 18:40:18]用例执行失败：预期结果为：{"code": 1, "msg": "支付成功"}实际结果为：{'merchant_id': '530530000083', 'total_fee': '1'}
[ERROR 2021-05-28 18:40:18]银联支付宝主扫支付：支付成功：测试结果：失败
[ERROR 2021-05-28 18:40:18]用例执行失败：预期结果为：{"code": 1, "msg": "支付成功"}实际结果为：{'merchant_id': '530530000083', 'total_fee': '1'}
[ERROR 2021-05-30 20:39:40]银联支付宝小额支付：支付成功：测试结果：失败
[ERROR 2021-05-30 20:39:40]用例执行失败：预期结果为：{"code": 1, "msg": "支付成功"}实际结果为：{'merchant_id': '530530000083', 'total_fee': '1'}
[ERROR 2021-05-30 20:39:40]银联支付宝主扫支付：支付成功：测试结果：失败
[ERROR 2021-05-30 20:39:40]用例执行失败：预期结果为：{"code": 1, "msg": "支付成功"}实际结果为：{'merchant_id': '530530000083', 'total_fee': '1'}
[ERROR 2021-05-30 20:43:16]银联支付宝小额支付：支付成功：测试结果：失败
[ERROR 2021-05-30 20:43:16]用例执行失败：预期结果为：{"code": 1, "msg": "支付成功"}实际结果为：{'merchant_id': '530530000083', 'total_fee': '1'}
[ERROR 2021-05-30 20:43:16]银联支付宝主扫支付：支付成功：测试结果：失败
[ERROR 2021-05-30 20:43:16]用例执行失败：预期结果为：{"code": 1, "msg": "支付成功"}实际结果为：{'merchant_id': '530530000083', 'total_fee': '1'}
[ERROR 2021-05-30 20:45:25]银联支付宝小额支付：支付成功：测试结果：失败
[ERROR 2021-05-30 20:45:25]用例执行失败：预期结果为：{"code": 1, "msg": "支付成功"}实际结果为：{'merchant_id': '530530000083', 'total_fee': '1'}
[ERROR 2021-05-30 20:45:25]银联支付宝主扫支付：支付成功：测试结果：失败
[ERROR 2021-05-30 20:45:25]用例执行失败：预期结果为：{"code": 1, "msg": "支付成功"}实际结果为：{'merchant_id': '530530000083', 'total_fee': '1'}
[ERROR 2021-05-30 20:59:08]银联支付宝小额支付：支付成功：测试结果：失败
[ERROR 2021-05-30 20:59:08]用例执行失败：预期结果为：{"code": 1, "msg": "支付成功"}实际结果为：{'merchant_id': '530530000083', 'total_fee': '1'}
[ERROR 2021-05-30 20:59:08]银联支付宝主扫支付：支付成功：测试结果：失败
[ERROR 2021-05-30 20:59:08]用例执行失败：预期结果为：{"code": 1, "msg": "支付成功"}实际结果为：{'merchant_id': '530530000083', 'total_fee': '1'}
[ERROR 2021-05-30 21:05:50]银联支付宝小额支付：支付成功：测试结果：失败
[ERROR 2021-05-30 21:05:50]用例执行失败：预期结果为：{"code": 1, "msg": "支付成功"}实际结果为：{'merchant_id': '530530000083', 'total_fee': '1'}
[ERROR 2021-05-30 21:05:50]银联支付宝主扫支付：支付成功：测试结果：失败
[ERROR 2021-05-30 21:05:50]用例执行失败：预期结果为：{"code": 1, "msg": "支付成功"}实际结果为：{'merchant_id': '530530000083', 'total_fee': '1'}
[ERROR 2021-05-30 21:08:25]银联支付宝小额支付：支付成功：测试结果：失败
[ERROR 2021-05-30 21:08:25]用例执行失败：预期结果为：{"code": 1, "msg": "支付成功"}实际结果为：{'merchant_id': '530530000083', 'total_fee': '1'}
[ERROR 2021-05-30 21:08:25]银联支付宝主扫支付：支付成功：测试结果：失败
[ERROR 2021-05-30 21:08:25]用例执行失败：预期结果为：{"code": 1, "msg": "支付成功"}实际结果为：{'merchant_id': '530530000083', 'total_fee': '1'}
[ERROR 2021-05-30 21:13:58]银联支付宝小额支付：支付成功：测试结果：失败
[ERROR 2021-05-30 21:13:58]用例执行失败：预期结果为：{"code": 1, "msg": "支付成功"}实际结果为：{'merchant_id': '530530000083', 'total_fee': '1'}
[ERROR 2021-05-30 21:13:58]银联支付宝主扫支付：支付成功：测试结果：失败
[ERROR 2021-05-30 21:13:58]用例执行失败：预期结果为：{"code": 1, "msg": "支付成功"}实际结果为：{'merchant_id': '530530000083', 'total_fee': '1'}
[ERROR 2021-05-31 22:31:26]银联支付宝小额支付：支付成功：测试结果：失败
[ERROR 2021-05-31 22:31:26]用例执行失败：预期结果为：{"code": 1, "msg": "支付成功"}实际结果为：{'merchant_id': '530530000083', 'total_fee': '1'}
[ERROR 2021-05-31 22:31:26]银联支付宝主扫支付：支付成功：测试结果：失败
[ERROR 2021-05-31 22:31:26]用例执行失败：预期结果为：{"code": 1, "msg": "支付成功"}实际结果为：{'merchant_id': '530530000083', 'total_fee': '1'}
[ERROR 2021-05-31 22:31:41]银联支付宝小额支付：支付成功：测试结果：失败
[ERROR 2021-05-31 22:31:41]用例执行失败：预期结果为：{"code": 1, "msg": "支付成功"}实际结果为：{'merchant_id': '530530000083', 'total_fee': '1'}
[ERROR 2021-05-31 22:31:41]银联支付宝主扫支付：支付成功：测试结果：失败
[ERROR 2021-05-31 22:31:41]用例执行失败：预期结果为：{"code": 1, "msg": "支付成功"}实际结果为：{'merchant_id': '530530000083', 'total_fee': '1'}
[ERROR 2021-06-01 23:13:48]银联支付宝JS支付：支付成功：测试结果：失败
[ERROR 2021-06-01 23:13:48]用例执行失败：预期结果为：{"code": 1, "msg": "支付成功"}实际结果为：{'merchant_id': '530530000083', 'total_fee': '1'}
[ERROR 2021-06-01 23:17:37]银联支付宝JS支付：支付成功：测试结果：失败
[ERROR 2021-06-01 23:17:37]用例执行失败：预期结果为：{"code": 1, "msg": "支付成功"}实际结果为：{'merchant_id': '530530000083', 'total_fee': '1'}
[ERROR 2021-06-01 23:21:20]银联支付宝JS支付：支付成功：测试结果：失败
[ERROR 2021-06-01 23:21:20]用例执行失败：预期结果为：{"code": 1, "msg": "支付成功"}实际结果为：{'merchant_id': '530530000083', 'total_fee': '1'}
[ERROR 2021-06-02 17:37:04]银联支付宝小额支付：支付成功：测试结果：失败
[ERROR 2021-06-02 17:37:04]用例执行失败：预期结果为：{"code": 1, "msg": "支付成功"}实际结果为：{'merchant_id': '530530000083', 'total_fee': '1'}
[ERROR 2021-06-03 00:30:25]银联支付宝JS支付：退款：测试结果：失败
[ERROR 2021-06-03 00:30:25]用例执行失败：预期结果为：{"code": 1, "msg": "退款成功"}实际结果为：{'merchant_id': '530530000083', 'total_fee': '1', 'refund_fee': '1'}
[ERROR 2021-06-03 00:38:26]银联支付宝JS支付：支付成功：测试结果：失败
[ERROR 2021-06-03 00:38:26]用例执行失败：预期结果为：{"code": 1, "msg": "支付成功"}实际结果为：{'merchant_id': '530530000083', 'total_fee': '1', 'refund_fee': ' '}
[ERROR 2021-06-03 00:39:32]银联支付宝JS支付：支付成功：测试结果：失败
[ERROR 2021-06-03 00:39:32]用例执行失败：预期结果为：{"code": 1, "msg": "支付成功"}实际结果为：{'merchant_id': '530530000083', 'total_fee': '1', 'refund_fee': ' '}
[ERROR 2021-06-03 00:42:25]银联支付宝JS支付：支付成功：测试结果：失败
[ERROR 2021-06-03 00:42:25]用例执行失败：预期结果为：{"code": 1, "msg": "支付成功"}实际结果为：{'merchant_id': '530530000083', 'total_fee': '1', 'refund_fee': ' '}
[ERROR 2021-06-03 00:47:45]银联支付宝JS支付：支付成功：测试结果：失败
[ERROR 2021-06-03 00:47:45]用例执行失败：预期结果为：{"code": 1, "msg": "支付成功"}实际结果为：{'merchant_id': '530530000083', 'total_fee': '1', 'refund_fee': ' '}
[ERROR 2021-06-03 00:49:14]银联支付宝JS支付：支付成功：测试结果：失败
[ERROR 2021-06-03 00:49:14]用例执行失败：预期结果为：{"code": 1, "msg": "支付成功"}实际结果为：{'merchant_id': '530530000083', 'total_fee': '1', 'refund_fee': ' '}
[ERROR 2021-06-03 00:49:45]银联支付宝JS支付：支付成功：测试结果：失败
[ERROR 2021-06-03 00:49:45]用例执行失败：预期结果为：{"code": 1, "msg": "支付成功"}实际结果为：{'merchant_id': '530530000083', 'total_fee': '1', 'refund_fee': ' '}
[ERROR 2021-06-03 01:02:51]银联支付宝小额支付：支付成功：测试结果：失败
[ERROR 2021-06-03 01:02:51]用例执行失败：预期结果为：{"code": 1, "msg": "支付成功"}实际结果为：{'merchant_id': '530530000083', 'total_fee': '1', 'refund_fee': ''}
[ERROR 2021-06-03 01:02:52]银联支付宝小额支付：退款：测试结果：失败
[ERROR 2021-06-03 01:02:52]用例执行失败：预期结果为：{"code": 1, "msg": "退款成功"}实际结果为：{'merchant_id': '530530000083', 'total_fee': '1', 'refund_fee': '1'}
[ERROR 2021-06-03 01:07:44]银联支付宝小额支付：支付成功：测试结果：失败
[ERROR 2021-06-03 01:07:44]用例执行失败：预期结果为：{"code": 1, "msg": "支付成功"}实际结果为：{'merchant_id': '530530000083', 'total_fee': '1', 'refund_fee': ''}
[ERROR 2021-06-03 01:07:44]银联支付宝小额支付：退款：测试结果：失败
[ERROR 2021-06-03 01:07:44]用例执行失败：预期结果为：{"code": 1, "msg": "退款成功"}实际结果为：{'merchant_id': '530530000083', 'total_fee': '1', 'refund_fee': '1'}
[ERROR 2021-06-03 01:11:50]银联支付宝小额支付：支付成功：测试结果：失败
[ERROR 2021-06-03 01:11:50]用例执行失败：预期结果为：{"code": 1, "msg": "支付成功"}实际结果为：{'merchant_id': '530530000083', 'total_fee': '1', 'refund_fee': ''}
[ERROR 2021-06-03 01:11:50]银联支付宝小额支付：退款：测试结果：失败
[ERROR 2021-06-03 01:11:50]用例执行失败：预期结果为：{"code": 1, "msg": "退款成功"}实际结果为：{'merchant_id': '530530000083', 'total_fee': '1', 'refund_fee': '1'}
[ERROR 2021-06-03 23:33:47]银联支付宝JS支付：支付成功：测试结果：失败
[ERROR 2021-06-03 23:33:47]用例执行失败：预期结果为：{"code": 1, "msg": "支付成功"}实际结果为：{'merchant_id': '530530000083', 'total_fee': '1', 'refund_fee': ''}
[ERROR 2021-06-03 23:33:47]银联支付宝JS支付：退款：测试结果：失败
[ERROR 2021-06-03 23:33:47]用例执行失败：预期结果为：{"code": 1, "msg": "退款成功"}实际结果为：{'merchant_id': '530530000083', 'total_fee': '1', 'refund_fee': '1'}
[ERROR 2021-06-03 23:33:48]银联支付宝小额支付：支付成功：测试结果：失败
[ERROR 2021-06-03 23:33:48]用例执行失败：预期结果为：{"code": 1, "msg": "支付成功"}实际结果为：{'merchant_id': '530530000083', 'total_fee': '1', 'refund_fee': ''}
[ERROR 2021-06-03 23:33:48]银联支付宝小额支付：退款：测试结果：失败
[ERROR 2021-06-03 23:33:48]用例执行失败：预期结果为：{"code": 1, "msg": "退款成功"}实际结果为：{'merchant_id': '530530000083', 'total_fee': '1', 'refund_fee': '1'}
[ERROR 2021-06-03 23:33:48]银联支付宝主扫支付：支付成功：测试结果：失败
[ERROR 2021-06-03 23:33:48]用例执行失败：预期结果为：{"code": 1, "msg": "支付成功"}实际结果为：{'merchant_id': '530530000083', 'total_fee': '1', 'refund_fee': ''}
[ERROR 2021-06-03 23:33:48]银联支付宝主扫支付：退款：测试结果：失败
[ERROR 2021-06-03 23:33:48]用例执行失败：预期结果为：{"code": 1, "msg": "退款成功"}实际结果为：{'merchant_id': '530530000083', 'total_fee': '1', 'refund_fee': '1'}
[ERROR 2021-06-03 23:33:49]银联微信JS支付：支付成功：测试结果：失败
[ERROR 2021-06-03 23:33:49]用例执行失败：预期结果为：{"code": 1, "msg": "支付成功"}实际结果为：{'merchant_id': '530530000083', 'total_fee': '1', 'refund_fee': ''}
[ERROR 2021-06-03 23:33:49]银联微信JS支付：退款：测试结果：失败
[ERROR 2021-06-03 23:33:49]用例执行失败：预期结果为：{"code": 1, "msg": "退款成功"}实际结果为：{'merchant_id': '530530000083', 'total_fee': '1', 'refund_fee': '1'}
[ERROR 2021-06-03 23:33:49]银联微信小额支付：支付成功：测试结果：失败
[ERROR 2021-06-03 23:33:49]用例执行失败：预期结果为：{"code": 1, "msg": "支付成功"}实际结果为：{'merchant_id': '530530000083', 'total_fee': '1', 'refund_fee': ''}
[ERROR 2021-06-03 23:33:49]银联微信小额支付：退款：测试结果：失败
[ERROR 2021-06-03 23:33:49]用例执行失败：预期结果为：{"code": 1, "msg": "退款成功"}实际结果为：{'merchant_id': '530530000083', 'total_fee': '1', 'refund_fee': '1'}
[ERROR 2021-06-03 23:33:50]银联微信主扫支付：支付成功：测试结果：失败
[ERROR 2021-06-03 23:33:50]用例执行失败：预期结果为：{"code": 1, "msg": "支付成功"}实际结果为：{'merchant_id': '530530000083', 'total_fee': '1', 'refund_fee': ''}
[ERROR 2021-06-03 23:33:50]银联微信主扫支付：退款：测试结果：失败
[ERROR 2021-06-03 23:33:50]用例执行失败：预期结果为：{"code": 1, "msg": "退款成功"}实际结果为：{'merchant_id': '530530000083', 'total_fee': '1', 'refund_fee': '1'}
[ERROR 2021-06-03 23:39:20]银联支付宝JS支付：支付成功：测试结果：失败
[ERROR 2021-06-03 23:39:20]用例执行失败：预期结果为：{"code": 1, "msg": "支付成功"}实际结果为：{'merchant_id': '530530000083', 'total_fee': '1', 'refund_fee': ''}
[ERROR 2021-06-03 23:39:20]银联支付宝JS支付：退款：测试结果：失败
[ERROR 2021-06-03 23:39:20]用例执行失败：预期结果为：{"code": 1, "msg": "退款成功"}实际结果为：{'merchant_id': '530530000083', 'total_fee': '1', 'refund_fee': '1'}
[ERROR 2021-06-03 23:39:20]银联支付宝小额支付：支付成功：测试结果：失败
[ERROR 2021-06-03 23:39:20]用例执行失败：预期结果为：{"code": 1, "msg": "支付成功"}实际结果为：{'merchant_id': '530530000083', 'total_fee': '1', 'refund_fee': ''}
[ERROR 2021-06-03 23:39:20]银联支付宝小额支付：退款：测试结果：失败
[ERROR 2021-06-03 23:39:20]用例执行失败：预期结果为：{"code": 1, "msg": "退款成功"}实际结果为：{'merchant_id': '530530000083', 'total_fee': '1', 'refund_fee': '1'}
[ERROR 2021-06-03 23:39:21]银联支付宝主扫支付：支付成功：测试结果：失败
[ERROR 2021-06-03 23:39:21]用例执行失败：预期结果为：{"code": 1, "msg": "支付成功"}实际结果为：{'merchant_id': '530530000083', 'total_fee': '1', 'refund_fee': ''}
[ERROR 2021-06-03 23:39:21]银联支付宝主扫支付：退款：测试结果：失败
[ERROR 2021-06-03 23:39:21]用例执行失败：预期结果为：{"code": 1, "msg": "退款成功"}实际结果为：{'merchant_id': '530530000083', 'total_fee': '1', 'refund_fee': '1'}
[ERROR 2021-06-03 23:39:21]银联微信JS支付：支付成功：测试结果：失败
[ERROR 2021-06-03 23:39:21]用例执行失败：预期结果为：{"code": 1, "msg": "支付成功"}实际结果为：{'merchant_id': '530530000083', 'total_fee': '1', 'refund_fee': ''}
[ERROR 2021-06-03 23:39:21]银联微信JS支付：退款：测试结果：失败
[ERROR 2021-06-03 23:39:21]用例执行失败：预期结果为：{"code": 1, "msg": "退款成功"}实际结果为：{'merchant_id': '530530000083', 'total_fee': '1', 'refund_fee': '1'}
[ERROR 2021-06-03 23:39:22]银联微信小额支付：支付成功：测试结果：失败
[ERROR 2021-06-03 23:39:22]用例执行失败：预期结果为：{"code": 1, "msg": "支付成功"}实际结果为：{'merchant_id': '530530000083', 'total_fee': '1', 'refund_fee': ''}
[ERROR 2021-06-03 23:39:22]银联微信小额支付：退款：测试结果：失败
[ERROR 2021-06-03 23:39:22]用例执行失败：预期结果为：{"code": 1, "msg": "退款成功"}实际结果为：{'merchant_id': '530530000083', 'total_fee': '1', 'refund_fee': '1'}
[ERROR 2021-06-03 23:39:22]银联微信主扫支付：支付成功：测试结果：失败
[ERROR 2021-06-03 23:39:22]用例执行失败：预期结果为：{"code": 1, "msg": "支付成功"}实际结果为：{'merchant_id': '530530000083', 'total_fee': '1', 'refund_fee': ''}
[ERROR 2021-06-03 23:39:22]银联微信主扫支付：退款：测试结果：失败
[ERROR 2021-06-03 23:39:22]用例执行失败：预期结果为：{"code": 1, "msg": "退款成功"}实际结果为：{'merchant_id': '530530000083', 'total_fee': '1', 'refund_fee': '1'}
